2026-06-28 20:58:36,611 - INFO - === Запуск программы ===
2026-06-28 20:58:36,642 - INFO - Таблицы созданы/проверены
2026-06-28 20:58:36,695 - INFO - Индексы созданы для ускорения поиска
2026-06-28 20:58:36,695 - INFO - База данных подключена и готова к работе
2026-06-28 20:58:37,454 - INFO - Вкладка 'Клиенты' создана
2026-06-28 20:58:37,513 - INFO - Вкладка 'Сотрудники' создана
2026-06-28 20:58:37,513 - INFO - Калькулятор зарплаты инициализирован
2026-06-28 20:58:37,571 - INFO - Вкладка 'Расчеты' создана
2026-06-28 20:58:37,598 - INFO - Вкладка 'Сообщения' создана
2026-06-28 20:58:37,697 - INFO - Данные обновлены. Клиентов: 0
2026-06-28 20:58:37,698 - INFO - Программа готова к работе
2026-06-28 20:59:04,681 - INFO - Добавлен клиент: Фоло Того Пого, ИНН: 500050005000
2026-06-28 20:59:04,706 - INFO - Данные обновлены. Клиентов: 1
2026-06-28 20:59:29,243 - INFO - Добавлен сотрудник: Ло По с окладом 10000 руб.
2026-06-28 21:00:03,030 - INFO - Выполнен расчет advance для клиента ID=1 за 6.2026
2026-06-28 21:01:18,971 - INFO - Выполнен расчет salary для клиента ID=1 за 6.2026
2026-06-28 21:01:47,440 - INFO - Выполнен расчет advance для клиента ID=1 за 6.2026
2026-06-28 21:02:06,445 - INFO - Выполнен расчет salary для клиента ID=1 за 6.2026
2026-06-28 21:02:47,775 - INFO - Данные обновлены. Клиентов: 1
2026-06-28 21:03:05,101 - INFO - Программа закрыта пользователем
2026-06-28 21:03:05,101 - INFO - Соединение с базой данных закрыто
2026-07-15 18:17:56,316 - INFO - === Запуск программы ===
2026-07-15 18:17:56,329 - INFO - Таблицы созданы/проверены
2026-07-15 18:17:56,330 - INFO - Индексы созданы для ускорения поиска
2026-07-15 18:17:56,330 - INFO - База данных подключена и готова к работе
2026-07-15 18:17:57,430 - INFO - Вкладка 'Клиенты' создана
2026-07-15 18:17:57,514 - INFO - Вкладка 'Сотрудники' создана
2026-07-15 18:17:57,514 - INFO - Калькулятор зарплаты инициализирован
2026-07-15 18:17:57,631 - INFO - Вкладка 'Расчеты' создана
2026-07-15 18:17:57,661 - INFO - Вкладка 'Сообщения' создана
2026-07-15 18:17:57,803 - INFO - Данные обновлены. Клиентов: 1
2026-07-15 18:17:57,804 - INFO - Программа готова к работе
2026-07-15 18:18:30,313 - INFO - Добавлен сотрудник: поло с окладом 35000 руб.
2026-07-15 18:18:43,394 - INFO - Выполнен расчет advance для клиента ID=1 за 8.2026
2026-07-15 18:18:56,329 - INFO - Выполнен расчет salary для клиента ID=1 за 8.2026
2026-07-15 18:19:04,531 - INFO - Выполнен расчет advance для клиента ID=1 за 8.2026
2026-07-15 18:20:53,247 - INFO - Сообщение сохранено в C:/Users/PC/Desktop/Сообщение_20260715_182043.txt
2026-07-15 18:21:54,322 - INFO - Изменен оклад сотрудника ID=2 на 10000 руб.
2026-07-15 18:22:13,273 - INFO - Программа закрыта пользователем
2026-07-15 18:22:13,274 - INFO - Соединение с базой данных закрыто
2026-07-15 18:22:20,080 - INFO - === Запуск программы ===
2026-07-15 18:22:20,085 - INFO - Таблицы созданы/проверены
2026-07-15 18:22:20,086 - INFO - Индексы созданы для ускорения поиска
2026-07-15 18:22:20,086 - INFO - База данных подключена и готова к работе
2026-07-15 18:22:20,906 - INFO - Вкладка 'Клиенты' создана
2026-07-15 18:22:21,020 - INFO - Вкладка 'Сотрудники' создана
2026-07-15 18:22:21,021 - INFO - Калькулятор зарплаты инициализирован
2026-07-15 18:22:21,166 - INFO - Вкладка 'Расчеты' создана
2026-07-15 18:22:21,203 - INFO - Вкладка 'Сообщения' создана
2026-07-15 18:22:21,338 - INFO - Данные обновлены. Клиентов: 1
2026-07-15 18:22:21,339 - INFO - Программа готова к работе
2026-07-15 18:22:26,720 - INFO - Программа закрыта пользователем
2026-07-15 18:22:26,720 - INFO - Соединение с базой данных закрыто
2026-07-15 18:31:58,962 - INFO - === Запуск программы ===
2026-07-15 18:31:58,963 - INFO - Таблицы созданы/проверены
2026-07-15 18:31:58,964 - INFO - Индексы созданы для ускорения поиска
2026-07-15 18:31:58,964 - INFO - База данных подключена и готова к работе
2026-07-15 18:31:59,742 - INFO - Вкладка 'Клиенты' создана
2026-07-15 18:31:59,860 - INFO - Вкладка 'Сотрудники' создана
2026-07-15 18:31:59,860 - INFO - Калькулятор зарплаты инициализирован
2026-07-15 18:31:59,969 - INFO - Вкладка 'Расчеты' создана
2026-07-15 18:32:00,007 - INFO - Вкладка 'Сообщения' создана
2026-07-15 18:32:00,149 - INFO - Данные обновлены. Клиентов: 1
2026-07-15 18:32:00,150 - INFO - Программа готова к работе
2026-07-15 18:32:30,481 - INFO - Добавлен клиент: 1, ИНН: 111111111111
2026-07-15 18:32:30,522 - INFO - Данные обновлены. Клиентов: 2
2026-07-15 18:32:48,044 - INFO - Выполнен расчет salary для клиента ID=1 за 7.2026
2026-07-15 18:33:28,960 - INFO - Программа закрыта пользователем
2026-07-15 18:33:28,960 - INFO - Соединение с базой данных закрыто
2026-07-15 18:33:56,985 - INFO - Таблицы созданы/проверены
2026-07-15 18:33:56,986 - INFO - Индексы созданы для ускорения поиска
2026-07-15 18:33:56,986 - INFO - База данных подключена и готова к работе
2026-07-15 18:33:56,986 - INFO - Добавлен клиент: Тестовый ИП, ИНН: 123456789012
2026-07-15 18:33:56,987 - INFO - Добавлен сотрудник: Иванов Иван с окладом 50000 руб.
2026-07-15 18:41:10,271 - INFO - Таблицы созданы/проверены
2026-07-15 18:41:10,272 - INFO - Индексы созданы для ускорения поиска
2026-07-15 18:41:10,272 - INFO - База данных подключена и готова к работе
2026-07-15 18:41:10,273 - INFO - Добавлен клиент: Тестовый ИП, ИНН: 123456789012
2026-07-15 18:41:10,274 - INFO - Добавлен сотрудник: Иванов Иван с окладом 50000 руб.
2026-07-15 18:41:10,275 - INFO - Сотрудник ID=1 удален
2026-07-15 18:41:48,343 - INFO - === Запуск программы ===
2026-07-15 18:41:48,346 - INFO - Таблицы созданы/проверены
2026-07-15 18:41:48,347 - INFO - Индексы созданы для ускорения поиска
2026-07-15 18:41:48,347 - INFO - База данных подключена и готова к работе
2026-07-15 18:41:49,163 - INFO - Вкладка 'Клиенты' создана
2026-07-15 18:41:49,251 - INFO - Вкладка 'Сотрудники' создана
2026-07-15 18:41:49,252 - INFO - Калькулятор зарплаты инициализирован
2026-07-15 18:41:49,325 - INFO - Вкладка 'Расчеты' создана
2026-07-15 18:41:49,358 - INFO - Вкладка 'Сообщения' создана
2026-07-15 18:41:49,519 - INFO - Данные обновлены. Клиентов: 2
2026-07-15 18:41:49,519 - INFO - Программа готова к работе
2026-07-15 18:41:58,631 - INFO - Сотрудник ID=2 удален
2026-07-15 18:42:02,031 - INFO - Программа закрыта пользователем
2026-07-15 18:42:02,032 - INFO - Соединение с базой данных закрыто
